<?xml version="1.0" encoding="UTF-8" ?>
<testsuite tests="55" failures="0" name="hello.GreeterTest" time="2.5" errors="0" skipped="5">
  <properties>
    <property name="java.runtime.name" value="OpenJDK Runtime Environment"/>
    <property name="java.vm.version" value="16.0.1+9-24"/>
    <property name="sun.boot.library.path" value="/usr/java/openjdk-16/lib"/>
    <property name="maven.multiModuleProjectDirectory" value="/data"/>
    <property name="java.vm.vendor" value="Oracle Corporation"/>
    <property name="java.vendor.url" value="https://java.oracle.com/"/>
    <property name="path.separator" value=":"/>
    <property name="guice.disable.misplaced.annotation.check" value="true"/>
    <property name="java.vm.name" value="OpenJDK 64-Bit Server VM"/>
    <property name="sun.java.launcher" value="SUN_STANDARD"/>
    <property name="java.vm.specification.name" value="Java Virtual Machine Specification"/>
    <property name="user.dir" value="/data"/>
    <property name="java.vm.compressedOopsMode" value="32-bit"/>
    <property name="java.runtime.version" value="16.0.1+9-24"/>
    <property name="os.arch" value="aarch64"/>
    <property name="java.io.tmpdir" value="/tmp"/>
    <property name="line.separator" value="
"/>
    <property name="java.vm.specification.vendor" value="Oracle Corporation"/>
    <property name="os.name" value="Linux"/>
    <property name="classworlds.conf" value="/usr/share/maven/bin/m2.conf"/>
    <property name="sun.jnu.encoding" value="UTF-8"/>
    <property name="java.library.path" value="/usr/java/packages/lib:/lib:/usr/lib"/>
    <property name="maven.conf" value="/usr/share/maven/conf"/>
    <property name="jdk.debug" value="release"/>
    <property name="java.class.version" value="60.0"/>
    <property name="java.specification.name" value="Java Platform API Specification"/>
    <property name="sun.management.compiler" value="HotSpot 64-Bit Tiered Compilers"/>
    <property name="os.version" value="5.10.25-linuxkit"/>
    <property name="library.jansi.path" value="/usr/share/maven/lib/jansi-native"/>
    <property name="user.home" value="/root"/>
    <property name="user.timezone" value="UTC"/>
    <property name="file.encoding" value="UTF-8"/>
    <property name="java.specification.version" value="16"/>
    <property name="user.name" value="root"/>
    <property name="java.class.path" value="/usr/share/maven/boot/plexus-classworlds-2.6.0.jar"/>
    <property name="java.vm.specification.version" value="16"/>
    <property name="sun.arch.data.model" value="64"/>
    <property name="sun.java.command" value="org.codehaus.plexus.classworlds.launcher.Launcher test"/>
    <property name="java.home" value="/usr/java/openjdk-16"/>
    <property name="user.language" value="en"/>
    <property name="java.specification.vendor" value="Oracle Corporation"/>
    <property name="java.vm.info" value="mixed mode, sharing"/>
    <property name="java.version" value="16.0.1"/>
    <property name="securerandom.source" value="file:/dev/./urandom"/>
    <property name="java.vendor" value="Oracle Corporation"/>
    <property name="maven.home" value="/usr/share/maven"/>
    <property name="file.separator" value="/"/>
    <property name="java.version.date" value="2021-04-20"/>
    <property name="java.vendor.url.bug" value="https://bugreport.java.com/bugreport/"/>
    <property name="sun.io.unicode.encoding" value="UnicodeLittle"/>
    <property name="sun.cpu.endian" value="little"/>
  </properties>
  <testcase classname="hello.GreeterTest" name="DivTestWithSingleFrame" time="0.018"/>
  <testcase classname="hello.GreeterTest" name="ModeSansEchec" time="0"/>
  <testcase classname="hello.GreeterTest" name="Reboot" time="0"/>
  <testcase classname="hello.GreeterTest" name="NewImageDisplayWithAlexandre" time="0"/>
  <testcase classname="hello.GreeterTest" name="PHPModule" time="0"/>
  <testcase classname="hello.GreeterTest" name="iPadVersion" time="0"/>
  <testcase classname="hello.GreeterTest" name="DoubleAuth" time="0"/>
  <testcase classname="hello.GreeterTest" name="FreeMode" time="0"/>
  <testcase classname="hello.GreeterTest" name="MultiLanguages" time="0.001"/>
  <testcase classname="hello.GreeterTest" name="ImageScripting" time="0"/>
  <testcase classname="hello.GreeterTest" name="AuthentificationModule" time="0"/>
  <testcase classname="hello.GreeterTest" name="DevMode" time="0"/>
  <testcase classname="hello.GreeterTest" name="Devices" time="0"/>
  <testcase classname="hello.GreeterTest" name="LoginTentative" time="0"/>
  <testcase classname="hello.GreeterTest" name="ProdMode" time="0"/>
  <testcase classname="hello.GreeterTest" name="PopularTest" time="0"/>
  <testcase classname="hello.GreeterTest" name="Dashboarding" time="0"/>
  <testcase classname="hello.GreeterTest" name="ImageWithoutBorders" time="0.001"/>
  <testcase classname="hello.GreeterTest" name="kubernetesDetection" time="0"/>
  <testcase classname="hello.GreeterTest" name="Redirection" time="0"/>
  <testcase classname="hello.GreeterTest" name="ImageFromCanary" time="0"/>
  <testcase classname="hello.GreeterTest" name="AuthModule" time="0"/>
  <testcase classname="hello.GreeterTest" name="CrazyMode" time="0"/>
  <testcase classname="hello.GreeterTest" name="PopularIssueTest42" time="0"/>
  <testcase classname="hello.GreeterTest" name="LandingPageImage2" time="0"/>
  <testcase classname="hello.GreeterTest" name="SEO" time="0"/>
  <testcase classname="hello.GreeterTest" name="LibC" time="0"/>
  <testcase classname="hello.GreeterTest" name="Menu" time="0"/>
  <testcase classname="hello.GreeterTest" name="AccessWithoutUsers" time="0"/>
  <testcase classname="hello.GreeterTest" name="Menu2" time="0"/>
  <testcase classname="hello.GreeterTest" name="RBCAS" time="0"/>
  <testcase classname="hello.GreeterTest" name="Stats" time="0"/>
  <testcase classname="hello.GreeterTest" name="WebAppInit2" time="0"/>
  <testcase classname="hello.GreeterTest" name="RetroSystem" time="0"/>
  <testcase classname="hello.GreeterTest" name="BackgroundWithAutoSize" time="0"/>
  <testcase classname="hello.GreeterTest" name="NoBackground" time="0"/>
  <testcase classname="hello.GreeterTest" name="FullTestWithFakeData" time="0"/>
  <testcase classname="hello.GreeterTest" name="GoogleAuth" time="0"/>
  <testcase classname="hello.GreeterTest" name="ResizeTheFrame" time="0"/>
  <testcase classname="hello.GreeterTest" name="WebAppinChrome" time="0"/>
  <testcase classname="hello.GreeterTest" name="SEverification" time="0"/>
  <testcase classname="hello.GreeterTest" name="SpringBootInit" time="0"/>
  <testcase classname="hello.GreeterTest" name="LandscapingMode" time="0"/>
  <testcase classname="hello.GreeterTest" name="FullScreenMode" time="0"/>
  <testcase classname="hello.GreeterTest" name="AppInit" time="0"/>
  <testcase classname="hello.GreeterTest" name="FeatureFlagMode" time="0.001"/>
  <testcase classname="hello.GreeterTest" name="LandingPageImage" time="0"/>
  <testcase classname="hello.GreeterTest" name="NewFrame" time="0"/>
  <testcase classname="hello.GreeterTest" name="NewImage" time="0"/>
  <testcase classname="hello.GreeterTest" name="NewPages" time="0"/>
  <testcase classname="hello.GreeterTest" name="MainIssue" time="0"/>
  <testcase classname="hello.GreeterTest" name="database" time="0"/>
  <testcase classname="hello.GreeterTest" name="MainAccess" time="0"/>
  <testcase classname="hello.GreeterTest" name="oktaConfig" time="0.001"/>
  <testcase classname="hello.GreeterTest" name="WebAppInit" time="0"/>
</testsuite>